MJPG Streamer Version: svn rev: 3:172
 i: Using V4L2 device.: /dev/video0
 i: Desired Resolution: 320 x 240
 i: Frames Per Second.: 25
 i: Format............: YUV
 i: JPEG Quality......: 80
 o: www-folder-path...: disabled
 o: HTTP TCP port.....: 8001
 o: username:password.: disabled
 o: commands..........: disabled
MJPG Streamer Version: svn rev: 3:172
 i: Using V4L2 device.: /dev/video0
 i: Desired Resolution: 320 x 240
 i: Frames Per Second.: 25
 i: Format............: YUV
 i: JPEG Quality......: 80
 o: www-folder-path...: disabled
 o: HTTP TCP port.....: 8001
 o: username:password.: disabled
 o: commands..........: disabled
setting signal to stop
 i: cleaning up ressources allocated by input thread
force cancellation of threads and cleanup resources
 o: cleaning up ressources allocated by server thread #00
done
MJPG Streamer Version: svn rev: 3:172
 i: Using V4L2 device.: /dev/video0
 i: Desired Resolution: 320 x 240
 i: Frames Per Second.: 25
 i: Format............: YUV
 i: JPEG Quality......: 80
 o: www-folder-path...: disabled
 o: HTTP TCP port.....: 8001
 o: username:password.: disabled
 o: commands..........: disabled
setting signal to stop
 i: cleaning up ressources allocated by input thread
force cancellation of threads and cleanup resources
 o: cleaning up ressources allocated by server thread #00
done
MJPG Streamer Version: svn rev: 3:172
 i: Using V4L2 device.: /dev/video0
 i: Desired Resolution: 320 x 240
 i: Frames Per Second.: 25
 i: Format............: YUV
 i: JPEG Quality......: 80
 o: www-folder-path...: disabled
 o: HTTP TCP port.....: 8001
 o: username:password.: disabled
 o: commands..........: disabled
